Arguments: 
  C:\Program Files\nodejs\node.exe C:\Program Files (x86)\Yarn\bin\yarn.js fix:lint

PATH: 
  C:\Users\Mehdi\bin;C:\Program Files\Git\mingw64\bin;C:\Program Files\Git\usr\local\bin;C:\Program Files\Git\usr\bin;C:\Program Files\Git\usr\bin;C:\Program Files\Git\mingw64\bin;C:\Program Files\Git\usr\bin;C:\Users\Mehdi\bin;C:\Program Files (x86)\Common Files\Oracle\Java\javapath;C:\Program Files\Java\jdk1.8.0_171\bin;C:\Users\Mehdi\AppData\Local\Android\Sdk\platform-tools;C:\WINDOWS\system32;C:\Program Files\Gradle\bin;C:\WINDOWS;C:\WINDOWS\System32\Wbem;C:\WINDOWS\System32\WindowsPowerShell\v1.0;C:\Program Files (x86)\Yarn\bin;C:\Program Files\Calibre2;C:\WINDOWS\System32\OpenSSH;C:\Program Files (x86)\NVIDIA Corporation\PhysX\Common;C:\Program Files\NVIDIA Corporation\NVIDIA NvDLISR;C:\Program Files\MongoDB\Server\4.4\bin;C:\Users\Mehdi\AppData\Roaming\nvm;C:\Program Files\nodejs;C:\Program Files\Git\cmd;C:\Program Files\Microsoft VS Code\bin;C:\Users\Mehdi\AppData\Local\Yarn\bin;C:\Users\Mehdi\AppData\Local\Microsoft\WindowsApps;C:\Users\Mehdi\AppData\Local\Programs\Microsoft VS Code\bin;C:\Users\Mehdi\AppData\Roaming\nvm;C:\Program Files\nodejs;C:\Program Files\Git\usr\bin\vendor_perl;C:\Program Files\Git\usr\bin\core_perl

Yarn version: 
  1.5.1

Node version: 
  14.15.1

Platform: 
  win32 x64

npm manifest: 
  {
    "dependencies": {
      "@babel/cli": "^7.x.x",
      "@babel/core": "^7.x.x",
      "@babel/plugin-proposal-class-properties": "^7.x.x",
      "@babel/plugin-proposal-optional-chaining": "^7.x.x",
      "@babel/plugin-syntax-dynamic-import": "^7.x.x",
      "@babel/polyfill": "^7.x.x",
      "@babel/preset-env": "^7.x.x",
      "@babel/preset-react": "^7.x.x",
      "@babel/preset-typescript": "^7.x.x",
      "@hot-loader/react-dom": "^17.x.x",
      "@mysticatea/eslint-plugin": "^13.x.x",
      "@react-firebase/auth": "^0.2.10",
      "@sentry/browser": "^5.0.0",
      "@types/algoliasearch": "^3.x.x",
      "@types/amplitude-js": "^5.x.x",
      "@types/chai": "^4.x.x",
      "@types/lodash": "^4.x.x",
      "@types/mocha": "^8.x.x",
      "@types/node": "^13.x.x",
      "@types/prop-types": "15.5.9",
      "@types/react": "^17.x.x",
      "@types/react-dom": "^17.x.x",
      "@types/react-gtm-module": "^2.x.x",
      "@types/react-redux": "^7.x.x",
      "@types/react-router": "^5.x.x",
      "@types/react-router-dom": "^5.x.x",
      "@types/react-select": "^3.x.x",
      "@types/react-test-renderer": "^17.x.x",
      "@types/redux-mock-store": "^1.x.x",
      "@types/redux-sentry-middleware": "^0.1.x",
      "@types/sha1": "^1.x.x",
      "@types/smoothscroll-polyfill": "^0.3.x",
      "@types/webpack-env": "^1.x.x",
      "@types/zepto": "^1.x.x",
      "@typescript-eslint/eslint-plugin": "^4.x.x",
      "@typescript-eslint/parser": "^4.x.x",
      "algoliasearch": "^3.x.x",
      "amplitude-js": "^7.x.x",
      "autocomplete.js": "^0.37.x",
      "babel-eslint": "^10.x.x",
      "babel-loader": "^8.x.x",
      "babel-plugin-i18next-extract": "^0.7.x",
      "chai": "^4.x.x",
      "connected-react-router": "^6.x.x",
      "copyfiles": "^2.x.x",
      "core-js": "^3.x.x",
      "css-loader": "^4.x.x",
      "es6-promise": "^4.x.x",
      "eslint": "^7.x.x",
      "eslint-import-resolver-typescript": "^2.x.x",
      "eslint-import-resolver-webpack": "^0.12.x",
      "eslint-loader": "^4.x.x",
      "eslint-plugin-import": "^2.x.x",
      "eslint-plugin-json5": "^0.1.x",
      "eslint-plugin-jsx-a11y": "^6.x.x",
      "eslint-plugin-react": "^7.x.x",
      "eslint-plugin-react-hooks": "^4.x.x",
      "eslint-plugin-react-perf": "^3.x.x",
      "eslint-plugin-unicorn": "^21.x.x",
      "eslint-plugin-you-dont-need-lodash-underscore": "^6.x.x",
      "esm": "3.2.25",
      "exports-loader": "^1.x.x",
      "file-loader": "^6.x.x",
      "firebase": "^8.x.x",
      "firebase-admin": "9.3.0",
      "firebase-tools": "^9.x.x",
      "html-webpack-plugin": "^4.x.x",
      "i18next": "^20.x.x",
      "i18next-browser-languagedetector": "^6.x.x",
      "imagemin": "^7.x.x",
      "imagemin-mozjpeg": "^9.x.x",
      "imagemin-optipng": "^8.x.x",
      "imagemin-svgo": "^8.x.x",
      "img-loader": "^3.x.x",
      "imports-loader": "^0.8.x",
      "isparta-loader": "^2.x.x",
      "jimp": "^0.6.x",
      "json-loader": "^0.5.x",
      "json5": "^2.x.x",
      "json5-loader": "^4.x.x",
      "jsonlint": "^1.x.x",
      "karma": "^5.x.x",
      "karma-chai": "^0.1.x",
      "karma-chrome-launcher": "^3.x.x",
      "karma-coverage": "^2.x.x",
      "karma-mocha": "^2.x.x",
      "karma-mocha-reporter": "^2.x.x",
      "karma-sourcemap-loader": "^0.3.x",
      "karma-webpack": "^4.x.x",
      "local-storage-fallback": "^4.x.x",
      "lodash": "^4.x.x",
      "mdi-react": "^7.x.x",
      "mocha": "^8.x.x",
      "normalize.css": "^8.x.x",
      "npm-run-all": "^4.x.x",
      "null-loader": "^4.x.x",
      "package-json-validator": "^0.6.x",
      "prop-types": "^15.x.x",
      "puppeteer": "^5.x.x",
      "query-string": "^6.x.x",
      "raw-loader": "^4.x.x",
      "react": "^17.x.x",
      "react-dom": "^17.x.x",
      "react-facebook-pixel": "^1.0.4",
      "react-gtm-module": "^2.x.x",
      "react-hot-loader": "^4.x.x",
      "react-i18next": "^11.x.x",
      "react-markdown": "^4.x.x",
      "react-redux": "^7.x.x",
      "react-redux-firebase": "^3.x.x",
      "react-router": "^5.x.x",
      "react-router-dom": "^5.x.x",
      "react-select": "^3.x.x",
      "react-test-renderer": "^17.x.x",
      "redux": "^4.x.x",
      "redux-devtools-extension": "^2.x.x",
      "redux-firestore": "^0.14.x",
      "redux-mock-store": "^1.x.x",
      "redux-sentry-middleware": "^0.1.x",
      "redux-thunk": "^2.x.x",
      "rename-output-webpack-plugin": "^1.x.x",
      "rimraf": "^2.x.x",
      "sha1": "^1.x.x",
      "smoothscroll-polyfill": "^0.4.x",
      "style-loader": "^1.x.x",
      "svg-transform-loader": "^2.x.x",
      "terser-webpack-plugin": "^1.x.x",
      "ts-node": "^8.x.x",
      "typescript": "^3.x.x",
      "unused-files-webpack-plugin": "^3.x.x",
      "url-loader": "^4.x.x",
      "webpack": "^4.x.x",
      "webpack-cli": "^4.x.x",
      "webpack-dev-server": "^3.x.x",
      "webpack-pwa-manifest": "^4.x.x",
      "whatwg-fetch": "^3.x.x"
    },
    "description": "Sur la route de l'emploi et en ligne, MaVoie vous offre un parcours adapté à vos besoins.",
    "name": "MaVoie",
    "private": true,
    "resolutions": {
      "@types/anymatch": "<3.0.0"
    },
    "scripts": {
      "analytics:export-user": "ts-node --files -r esm analytics/export_users.ts",
      "check-types": "tsc",
      "checks": "run-s -nc lint check-types i18n:test-stable test test:node",
      "clean": "rimraf dist/*",
      "dist": "npm run clean && REACT_WEBPACK_ENV=dist CLIENT_VERSION=$CLIENT_VERSION webpack",
      "fix:lint": "eslint . --ext js,jsx,ts,tsx --fix",
      "i18n": "babel --config-file ./i18n.babelrc.js 'src/**/*.{js,jsx,ts,tsx}' > /dev/null",
      "i18n:test": "run-s -c i18n:test-stable 'test:node -- --grep /translation/i'",
      "i18n:test-stable": "./diff_i18n_folder.sh",
      "lint": "run-s lint:*",
      "lint:config": "pjv && ./jsonlint.sh package.json",
      "lint:js": "eslint . --ext js,json5,jsx,ts,tsx",
      "lint:jscolor": "./check-color-config.sh",
      "serve": "REACT_WEBPACK_ENV=dev node server.js",
      "serve:dist": "REACT_WEBPACK_ENV=dist node server.js",
      "start": "REACT_WEBPACK_ENV=dev CLIENT_VERSION=$CLIENT_VERSION node server.js",
      "test": "karma start",
      "test:node": "mocha test/node/*.{js,ts} --require ts-node/register",
      "test:watch": "karma start --autoWatch=true --singleRun=false"
    },
    "version": "0.0.1"
  }

yarn manifest: 
  No manifest

Lockfile: 
  No lockfile

Trace: 
  Error: Command failed.
  Exit code: 1
  Command: C:\WINDOWS\system32\cmd.exe
  Arguments: /d /s /c eslint . --ext js,jsx,ts,tsx --fix
  Directory: D:\Depot Code\MaVoie Work\ma-voie
  Output:
  
      at ProcessTermError.MessageError (C:\Program Files (x86)\Yarn\lib\cli.js:186:110)
      at new ProcessTermError (C:\Program Files (x86)\Yarn\lib\cli.js:226:113)
      at ChildProcess.<anonymous> (C:\Program Files (x86)\Yarn\lib\cli.js:30281:17)
      at ChildProcess.emit (events.js:315:20)
      at maybeClose (internal/child_process.js:1048:16)
      at Process.ChildProcess._handle.onexit (internal/child_process.js:288:5)
